Using pre-set license
Built from '2020.3/staging' branch; Version is '2020.3.4f1 (0abb6314276a) revision 703331'; Using compiler version '192528614'; Build Type 'Release'
OS: 'Windows 10 Pro; OS build 19042.985; Version 2009; 64bit' Language: 'en' Physical Memory: 32697 MB
BatchMode: 1, IsHumanControllingUs: 0, StartBugReporterOnCrash: 0, Is64bit: 1, IsPro: 0

 COMMAND LINE ARGUMENTS:
D:\Unity\2020.3.4f1\Editor\Unity.exe
-adb2
-batchMode
-noUpm
-name
AssetImportWorker0
-projectPath
D:/GitHub/ScriptableEventSystem
-logFile
Logs/AssetImportWorker0.log
-srvPort
50283
Successfully changed project path to: D:/GitHub/ScriptableEventSystem
D:/GitHub/ScriptableEventSystem
Using Asset Import Pipeline V2.
Refreshing native plugins compatible for Editor in 46.71 ms, found 1 plugins.
Preloading 0 native plugins for Editor in 0.00 ms.
Initialize engine version: 2020.3.4f1 (0abb6314276a)
[Subsystems] Discovering subsystems at path D:/Unity/2020.3.4f1/Editor/Data/Resources/UnitySubsystems
[Subsystems] Discovering subsystems at path D:/GitHub/ScriptableEventSystem/Assets
GfxDevice: creating device client; threaded=0
Direct3D:
    Version:  Direct3D 11.0 [level 11.1]
    Renderer: NVIDIA GeForce GTX 1660 SUPER (ID=0x21c4)
    Vendor:   
    VRAM:     5991 MB
    Driver:   27.21.14.6109
Initialize mono
Mono path[0] = 'D:/Unity/2020.3.4f1/Editor/Data/Managed'
Mono path[1] = 'D:/Unity/2020.3.4f1/Editor/Data/MonoBleedingEdge/lib/mono/unityjit'
Mono config path = 'D:/Unity/2020.3.4f1/Editor/Data/MonoBleedingEdge/etc'
Using monoOptions --debugger-agent=transport=dt_socket,embedding=1,server=y,suspend=n,address=127.0.0.1:56672
Begin MonoManager ReloadAssembly
Registering precompiled unity dll's ...
Register platform support module: D:/Unity/2020.3.4f1/Editor/Data/PlaybackEngines/WebGLSupport/UnityEditor.WebGL.Extensions.dll
Register platform support module: D:/Unity/2020.3.4f1/Editor/Data/PlaybackEngines/MacStandaloneSupport/UnityEditor.OSXStandalone.Extensions.dll
Register platform support module: D:/Unity/2020.3.4f1/Editor/Data/PlaybackEngines/WindowsStandaloneSupport/UnityEditor.WindowsStandalone.Extensions.dll
Register platform support module: D:/Unity/2020.3.4f1/Editor/Data/PlaybackEngines/LinuxStandaloneSupport/UnityEditor.LinuxStandalone.Extensions.dll
Registered in 0.001820 seconds.
Native extension for LinuxStandalone target not found
Native extension for WindowsStandalone target not found
Native extension for OSXStandalone target not found
Native extension for WebGL target not found
Refreshing native plugins compatible for Editor in 36.33 ms, found 1 plugins.
Preloading 0 native plugins for Editor in 0.00 ms.
Mono: successfully reloaded assembly
- Completed reload, in  1.734 seconds
Platform modules already initialized, skipping
Registering precompiled user dll's ...
Registered in 0.000559 seconds.
Begin MonoManager ReloadAssembly
Native extension for LinuxStandalone target not found
Native extension for WindowsStandalone target not found
Native extension for OSXStandalone target not found
Native extension for WebGL target not found
Refreshing native plugins compatible for Editor in 44.65 ms, found 1 plugins.
Preloading 0 native plugins for Editor in 0.00 ms.
Mono: successfully reloaded assembly
- Completed reload, in  0.896 seconds
Platform modules already initialized, skipping
========================================================================
Worker process is ready to serve import requests
Launched and connected shader compiler UnityShaderCompiler.exe after 0.03 seconds
Refreshing native plugins compatible for Editor in 0.34 ms, found 1 plugins.
Preloading 0 native plugins for Editor in 0.00 ms.
Unloading 1855 Unused Serialized files (Serialized files now loaded: 0)
System memory in use before: 87.6 MB.
System memory in use after: 87.7 MB.

Unloading 19 unused Assets to reduce memory usage. Loaded Objects now: 2303.
Total: 1.992700 ms (FindLiveObjects: 0.330000 ms CreateObjectMapping: 0.060100 ms MarkObjects: 1.539900 ms  DeleteObjects: 0.061800 ms)

========================================================================
Received Import Request.
  path: Assets/asdsad.asset
  artifactKey: Guid(0cb877720a7f62d41a7d57ea9d6f9940) Importer(815301076,1909f56bfc062723c751e8b465ee728b)
Start importing Assets/asdsad.asset using Guid(0cb877720a7f62d41a7d57ea9d6f9940) Importer(815301076,1909f56bfc062723c751e8b465ee728b)  -> (artifact id: '5058643dde760a3aca21c6e53e6c01a4') in 0.043322 seconds
  Import took 0.045963 seconds .

========================================================================
Received Import Request.
  Time since last request: 0.000226 seconds.
  path: Assets/ass.asset
  artifactKey: Guid(7b719a39473de1f44a3d65aa56d50b59) Importer(815301076,1909f56bfc062723c751e8b465ee728b)
Start importing Assets/ass.asset using Guid(7b719a39473de1f44a3d65aa56d50b59) Importer(815301076,1909f56bfc062723c751e8b465ee728b)  -> (artifact id: '11bb2b2548abb2c79d337164495eacf5') in 0.039155 seconds
  Import took 0.041820 seconds .

========================================================================
Received Prepare
Registering precompiled user dll's ...
Registered in 0.000914 seconds.
Begin MonoManager ReloadAssembly
Native extension for LinuxStandalone target not found
Native extension for WindowsStandalone target not found
Native extension for OSXStandalone target not found
Native extension for WebGL target not found
Refreshing native plugins compatible for Editor in 0.54 ms, found 1 plugins.
Preloading 0 native plugins for Editor in 0.00 ms.
Mono: successfully reloaded assembly
- Completed reload, in  0.860 seconds
Platform modules already initialized, skipping
Refreshing native plugins compatible for Editor in 0.54 ms, found 1 plugins.
Preloading 0 native plugins for Editor in 0.00 ms.
Unloading 1831 Unused Serialized files (Serialized files now loaded: 0)
System memory in use before: 85.9 MB.
System memory in use after: 86.0 MB.

Unloading 8 unused Assets to reduce memory usage. Loaded Objects now: 2306.
Total: 1.618800 ms (FindLiveObjects: 0.178000 ms CreateObjectMapping: 0.041100 ms MarkObjects: 1.388000 ms  DeleteObjects: 0.011200 ms)

========================================================================
Received Import Request.
  Time since last request: 119.933688 seconds.
  path: Assets/Scripts
  artifactKey: Guid(ceac5d5182928d74ea0dde359bc2959b) Importer(815301076,1909f56bfc062723c751e8b465ee728b)
Start importing Assets/Scripts using Guid(ceac5d5182928d74ea0dde359bc2959b) Importer(815301076,1909f56bfc062723c751e8b465ee728b)  -> (artifact id: 'c985885dd0f33c85450d75879f3884a0') in 0.018257 seconds
  Import took 0.020974 seconds .

========================================================================
Received Import Request.
  Time since last request: 0.375359 seconds.
  path: Assets/Scripts/ScriptableEvents
  artifactKey: Guid(05398be4dd8ae8f4e9cde190069e74bf) Importer(815301076,1909f56bfc062723c751e8b465ee728b)
Start importing Assets/Scripts/ScriptableEvents using Guid(05398be4dd8ae8f4e9cde190069e74bf) Importer(815301076,1909f56bfc062723c751e8b465ee728b)  -> (artifact id: 'bc547ad13b45b536d9a6ece7d7c56cc8') in 0.018823 seconds
  Import took 0.021449 seconds .

========================================================================
Received Import Request.
  Time since last request: 0.890385 seconds.
  path: Assets/Scripts/ScriptableEvents/Triggers
  artifactKey: Guid(4b511551b5a751f45aebe2567846ae82) Importer(815301076,1909f56bfc062723c751e8b465ee728b)
Start importing Assets/Scripts/ScriptableEvents/Triggers using Guid(4b511551b5a751f45aebe2567846ae82) Importer(815301076,1909f56bfc062723c751e8b465ee728b)  -> (artifact id: '71c85dc4d437349f4c807a57abe5ce18') in 0.017347 seconds
  Import took 0.019975 seconds .

========================================================================
Received Import Request.
  Time since last request: 0.899904 seconds.
  path: Assets/Scripts/ScriptableEvents/Conditions
  artifactKey: Guid(d5d5ce12dfe6d79449ea5db80ba4e3bb) Importer(815301076,1909f56bfc062723c751e8b465ee728b)
Start importing Assets/Scripts/ScriptableEvents/Conditions using Guid(d5d5ce12dfe6d79449ea5db80ba4e3bb) Importer(815301076,1909f56bfc062723c751e8b465ee728b)  -> (artifact id: 'c8e37f9db1dc979de3e5af12a48e823d') in 0.017928 seconds
  Import took 0.020768 seconds .

========================================================================
Received Import Request.
  Time since last request: 0.706720 seconds.
  path: Assets/Scripts/ScriptableEvents/Conditions/Condition.cs
  artifactKey: Guid(8b966268ffc1d39439817deabeca1e39) Importer(815301076,1909f56bfc062723c751e8b465ee728b)
Start importing Assets/Scripts/ScriptableEvents/Conditions/Condition.cs using Guid(8b966268ffc1d39439817deabeca1e39) Importer(815301076,1909f56bfc062723c751e8b465ee728b)  -> (artifact id: '1872796fe913a3672013a0609d8ca3a8') in 0.022141 seconds
  Import took 0.024809 seconds .

========================================================================
Received Import Request.
  Time since last request: 7.469801 seconds.
  path: Assets/Scripts/ScriptableEvents/Conditions/IntCondition.cs
  artifactKey: Guid(c8f4795aa0a809940b20e935bc7cbab1) Importer(815301076,1909f56bfc062723c751e8b465ee728b)
Start importing Assets/Scripts/ScriptableEvents/Conditions/IntCondition.cs using Guid(c8f4795aa0a809940b20e935bc7cbab1) Importer(815301076,1909f56bfc062723c751e8b465ee728b)  -> (artifact id: '8877ae4adf069d77d5c042c3334050bf') in 0.025488 seconds
  Import took 0.028806 seconds .

========================================================================
Received Import Request.
  Time since last request: 68.591515 seconds.
  path: Assets/Scripts/ScriptableEvents/Conditions/IntCondition.cs
  artifactKey: Guid(c8f4795aa0a809940b20e935bc7cbab1) Importer(815301076,1909f56bfc062723c751e8b465ee728b)
Start importing Assets/Scripts/ScriptableEvents/Conditions/IntCondition.cs using Guid(c8f4795aa0a809940b20e935bc7cbab1) Importer(815301076,1909f56bfc062723c751e8b465ee728b)  -> (artifact id: '0843a26b5b6d3e6a2e0d686b1b04d78f') in 0.002016 seconds
  Import took 0.004804 seconds .

========================================================================
Received Prepare
Registering precompiled user dll's ...
Registered in 0.000909 seconds.
Begin MonoManager ReloadAssembly
Native extension for LinuxStandalone target not found
Native extension for WindowsStandalone target not found
Native extension for OSXStandalone target not found
Native extension for WebGL target not found
Refreshing native plugins compatible for Editor in 0.37 ms, found 1 plugins.
Preloading 0 native plugins for Editor in 0.00 ms.
Mono: successfully reloaded assembly
- Completed reload, in  0.794 seconds
Platform modules already initialized, skipping
Refreshing native plugins compatible for Editor in 0.48 ms, found 1 plugins.
Preloading 0 native plugins for Editor in 0.00 ms.
Unloading 1831 Unused Serialized files (Serialized files now loaded: 0)
System memory in use before: 85.9 MB.
System memory in use after: 86.1 MB.

Unloading 8 unused Assets to reduce memory usage. Loaded Objects now: 2309.
Total: 1.633000 ms (FindLiveObjects: 0.203500 ms CreateObjectMapping: 0.039400 ms MarkObjects: 1.378200 ms  DeleteObjects: 0.011100 ms)

========================================================================
Received Prepare
Registering precompiled user dll's ...
Registered in 0.000913 seconds.
Begin MonoManager ReloadAssembly
Native extension for LinuxStandalone target not found
Native extension for WindowsStandalone target not found
Native extension for OSXStandalone target not found
Native extension for WebGL target not found
Refreshing native plugins compatible for Editor in 0.53 ms, found 1 plugins.
Preloading 0 native plugins for Editor in 0.00 ms.
Mono: successfully reloaded assembly
- Completed reload, in  0.826 seconds
Platform modules already initialized, skipping
Refreshing native plugins compatible for Editor in 0.33 ms, found 1 plugins.
Preloading 0 native plugins for Editor in 0.00 ms.
Unloading 1831 Unused Serialized files (Serialized files now loaded: 0)
System memory in use before: 86.0 MB.
System memory in use after: 86.1 MB.

Unloading 8 unused Assets to reduce memory usage. Loaded Objects now: 2312.
Total: 1.780700 ms (FindLiveObjects: 0.223500 ms CreateObjectMapping: 0.042200 ms MarkObjects: 1.502400 ms  DeleteObjects: 0.011800 ms)

========================================================================
Received Import Request.
  Time since last request: 252.877101 seconds.
  path: Assets/Scripts/UI
  artifactKey: Guid(4dd3b37ca7456ad41a0460041091826a) Importer(815301076,1909f56bfc062723c751e8b465ee728b)
Start importing Assets/Scripts/UI using Guid(4dd3b37ca7456ad41a0460041091826a) Importer(815301076,1909f56bfc062723c751e8b465ee728b)  -> (artifact id: '153544bdf7b13a27146cace246ec9fa7') in 0.019988 seconds
  Import took 0.023166 seconds .

========================================================================
Received Import Request.
  Time since last request: 0.219388 seconds.
  path: Assets/Scripts/Vars
  artifactKey: Guid(b779a79a9890ec6489259d704b9a3845) Importer(815301076,1909f56bfc062723c751e8b465ee728b)
Start importing Assets/Scripts/Vars using Guid(b779a79a9890ec6489259d704b9a3845) Importer(815301076,1909f56bfc062723c751e8b465ee728b)  -> (artifact id: 'd19986b9571651cd763c7e03e8a76536') in 0.018818 seconds
  Import took 0.021539 seconds .

========================================================================
Received Import Request.
  Time since last request: 1.145666 seconds.
  path: Assets/Scripts/Vars/Bool
  artifactKey: Guid(24969c438564eb34ebe5111ff9d50945) Importer(815301076,1909f56bfc062723c751e8b465ee728b)
Start importing Assets/Scripts/Vars/Bool using Guid(24969c438564eb34ebe5111ff9d50945) Importer(815301076,1909f56bfc062723c751e8b465ee728b)  -> (artifact id: 'c1dee1d139cc62309dd7f229fa01cc82') in 0.018720 seconds
  Import took 0.021717 seconds .

========================================================================
Received Import Request.
  Time since last request: 0.045150 seconds.
  path: Assets/Scripts/Vars/Bool/BoolSwitch.asset
  artifactKey: Guid(2dc67496d57cc5b48bf66e2b57da0ff2) Importer(815301076,1909f56bfc062723c751e8b465ee728b)
Start importing Assets/Scripts/Vars/Bool/BoolSwitch.asset using Guid(2dc67496d57cc5b48bf66e2b57da0ff2) Importer(815301076,1909f56bfc062723c751e8b465ee728b)  -> (artifact id: '0d457587e8bf828668bc0eb053adc788') in 0.024226 seconds
  Import took 0.026967 seconds .

========================================================================
Received Import Request.
  Time since last request: 0.000165 seconds.
  path: Assets/Scripts/Vars/Bool/IsPlayer.asset
  artifactKey: Guid(6156d64d6b79fe848adc9d51c048b7f9) Importer(815301076,1909f56bfc062723c751e8b465ee728b)
Start importing Assets/Scripts/Vars/Bool/IsPlayer.asset using Guid(6156d64d6b79fe848adc9d51c048b7f9) Importer(815301076,1909f56bfc062723c751e8b465ee728b)  -> (artifact id: '1c6df729bc5fb66fb2ae1a2bc72de939') in 0.030500 seconds
  Import took 0.033331 seconds .

========================================================================
Received Import Request.
  Time since last request: 1.935166 seconds.
  path: Assets/Scripts/Vars/Bool/BoolVar.cs
  artifactKey: Guid(0e75d8065276f6e4eae31ffa553deabb) Importer(815301076,1909f56bfc062723c751e8b465ee728b)
Start importing Assets/Scripts/Vars/Bool/BoolVar.cs using Guid(0e75d8065276f6e4eae31ffa553deabb) Importer(815301076,1909f56bfc062723c751e8b465ee728b)  -> (artifact id: '8b754355189ea08f472fa1ea382d2c69') in 0.019711 seconds
  Import took 0.022995 seconds .

========================================================================
Received Import Request.
  Time since last request: 7.127911 seconds.
  path: Assets/Scripts/Vars/Bool/BoolVar.cs
  artifactKey: Guid(0e75d8065276f6e4eae31ffa553deabb) Importer(815301076,1909f56bfc062723c751e8b465ee728b)
Start importing Assets/Scripts/Vars/Bool/BoolVar.cs using Guid(0e75d8065276f6e4eae31ffa553deabb) Importer(815301076,1909f56bfc062723c751e8b465ee728b)  -> (artifact id: 'e6427b14a1d40d373c02931c5a9951ce') in 0.001747 seconds
  Import took 0.004339 seconds .

========================================================================
Received Prepare
Registering precompiled user dll's ...
Registered in 0.000900 seconds.
Begin MonoManager ReloadAssembly
Native extension for LinuxStandalone target not found
Native extension for WindowsStandalone target not found
Native extension for OSXStandalone target not found
Native extension for WebGL target not found
Refreshing native plugins compatible for Editor in 0.36 ms, found 1 plugins.
Preloading 0 native plugins for Editor in 0.00 ms.
Mono: successfully reloaded assembly
- Completed reload, in  0.833 seconds
Platform modules already initialized, skipping
Refreshing native plugins compatible for Editor in 0.30 ms, found 1 plugins.
Preloading 0 native plugins for Editor in 0.00 ms.
Unloading 1831 Unused Serialized files (Serialized files now loaded: 0)
System memory in use before: 86.0 MB.
System memory in use after: 86.1 MB.

Unloading 8 unused Assets to reduce memory usage. Loaded Objects now: 2315.
Total: 1.655300 ms (FindLiveObjects: 0.203700 ms CreateObjectMapping: 0.041400 ms MarkObjects: 1.397400 ms  DeleteObjects: 0.011700 ms)

========================================================================
Received Import Request.
  Time since last request: 10.566793 seconds.
  path: Assets/Scripts/ScriptableEvents/Conditions/Condition.cs
  artifactKey: Guid(8b966268ffc1d39439817deabeca1e39) Importer(815301076,1909f56bfc062723c751e8b465ee728b)
Start importing Assets/Scripts/ScriptableEvents/Conditions/Condition.cs using Guid(8b966268ffc1d39439817deabeca1e39) Importer(815301076,1909f56bfc062723c751e8b465ee728b)  -> (artifact id: '116a99a77d9f1a94af103953d5a0a7fc') in 0.004138 seconds
  Import took 0.006774 seconds .

========================================================================
Received Import Request.
  Time since last request: 0.000270 seconds.
  path: Assets/Scripts/ScriptableEvents/Conditions/Condition.cs
  artifactKey: Guid(8b966268ffc1d39439817deabeca1e39) Importer(815301076,1909f56bfc062723c751e8b465ee728b)
Start importing Assets/Scripts/ScriptableEvents/Conditions/Condition.cs using Guid(8b966268ffc1d39439817deabeca1e39) Importer(815301076,1909f56bfc062723c751e8b465ee728b)  -> (artifact id: '116a99a77d9f1a94af103953d5a0a7fc') in 0.001673 seconds
  Import took 0.004094 seconds .

========================================================================
Received Import Request.
  Time since last request: 7.229429 seconds.
  path: Assets/Scripts/ScriptableEvents/Conditions/BoolCondition.cs
  artifactKey: Guid(19b8fc3f477a7ac4c959c90a22263c9a) Importer(815301076,1909f56bfc062723c751e8b465ee728b)
Start importing Assets/Scripts/ScriptableEvents/Conditions/BoolCondition.cs using Guid(19b8fc3f477a7ac4c959c90a22263c9a) Importer(815301076,1909f56bfc062723c751e8b465ee728b)  -> (artifact id: '3268e0acd83c19a62eeb3146a1396756') in 0.020397 seconds
  Import took 0.023659 seconds .

========================================================================
Received Import Request.
  Time since last request: 0.004838 seconds.
  path: Assets/Scripts/ScriptableEvents/Conditions/BoolCondition.cs
  artifactKey: Guid(19b8fc3f477a7ac4c959c90a22263c9a) Importer(815301076,1909f56bfc062723c751e8b465ee728b)
Start importing Assets/Scripts/ScriptableEvents/Conditions/BoolCondition.cs using Guid(19b8fc3f477a7ac4c959c90a22263c9a) Importer(815301076,1909f56bfc062723c751e8b465ee728b)  -> (artifact id: '3268e0acd83c19a62eeb3146a1396756') in 0.001741 seconds
  Import took 0.004458 seconds .

========================================================================
Received Prepare
Registering precompiled user dll's ...
Registered in 0.000939 seconds.
Begin MonoManager ReloadAssembly
Native extension for LinuxStandalone target not found
Native extension for WindowsStandalone target not found
Native extension for OSXStandalone target not found
Native extension for WebGL target not found
Refreshing native plugins compatible for Editor in 0.54 ms, found 1 plugins.
Preloading 0 native plugins for Editor in 0.00 ms.
Mono: successfully reloaded assembly
- Completed reload, in  0.814 seconds
Platform modules already initialized, skipping
Refreshing native plugins compatible for Editor in 0.53 ms, found 1 plugins.
Preloading 0 native plugins for Editor in 0.00 ms.
Unloading 1832 Unused Serialized files (Serialized files now loaded: 0)
System memory in use before: 86.0 MB.
System memory in use after: 86.1 MB.

Unloading 8 unused Assets to reduce memory usage. Loaded Objects now: 2319.
Total: 4.215800 ms (FindLiveObjects: 0.317300 ms CreateObjectMapping: 0.063900 ms MarkObjects: 3.810700 ms  DeleteObjects: 0.022200 ms)

========================================================================
Received Import Request.
  Time since last request: 23.894310 seconds.
  path: Assets/Scripts/ScriptableEvents/Conditions/BoolCondition.cs
  artifactKey: Guid(19b8fc3f477a7ac4c959c90a22263c9a) Importer(815301076,1909f56bfc062723c751e8b465ee728b)
Start importing Assets/Scripts/ScriptableEvents/Conditions/BoolCondition.cs using Guid(19b8fc3f477a7ac4c959c90a22263c9a) Importer(815301076,1909f56bfc062723c751e8b465ee728b)  -> (artifact id: '0e91542aa1fb755e9d790403d21632da') in 0.004058 seconds
  Import took 0.006768 seconds .

========================================================================
Received Import Request.
  Time since last request: 0.007471 seconds.
  path: Assets/Scripts/ScriptableEvents/Conditions/BoolCondition.cs
  artifactKey: Guid(19b8fc3f477a7ac4c959c90a22263c9a) Importer(815301076,1909f56bfc062723c751e8b465ee728b)
Start importing Assets/Scripts/ScriptableEvents/Conditions/BoolCondition.cs using Guid(19b8fc3f477a7ac4c959c90a22263c9a) Importer(815301076,1909f56bfc062723c751e8b465ee728b)  -> (artifact id: '0e91542aa1fb755e9d790403d21632da') in 0.001870 seconds
  Import took 0.005020 seconds .

========================================================================
Received Prepare
Registering precompiled user dll's ...
Registered in 0.000999 seconds.
Begin MonoManager ReloadAssembly
Native extension for LinuxStandalone target not found
Native extension for WindowsStandalone target not found
Native extension for OSXStandalone target not found
Native extension for WebGL target not found
Refreshing native plugins compatible for Editor in 0.53 ms, found 1 plugins.
Preloading 0 native plugins for Editor in 0.00 ms.
Mono: successfully reloaded assembly
- Completed reload, in  0.797 seconds
Platform modules already initialized, skipping
Refreshing native plugins compatible for Editor in 0.51 ms, found 1 plugins.
Preloading 0 native plugins for Editor in 0.00 ms.
Unloading 1832 Unused Serialized files (Serialized files now loaded: 0)
System memory in use before: 86.0 MB.
System memory in use after: 86.1 MB.

Unloading 8 unused Assets to reduce memory usage. Loaded Objects now: 2322.
Total: 1.720300 ms (FindLiveObjects: 0.257000 ms CreateObjectMapping: 0.055700 ms MarkObjects: 1.395100 ms  DeleteObjects: 0.011800 ms)

========================================================================
Received Import Request.
  Time since last request: 26.424707 seconds.
  path: Assets/Scripts/ScriptableEvents/Conditions/New Bool Condition.asset
  artifactKey: Guid(1ec2dae15606b5142a04033cf00f46c9) Importer(815301076,1909f56bfc062723c751e8b465ee728b)
Start importing Assets/Scripts/ScriptableEvents/Conditions/New Bool Condition.asset using Guid(1ec2dae15606b5142a04033cf00f46c9) Importer(815301076,1909f56bfc062723c751e8b465ee728b)  -> (artifact id: '592c24eb1d6d753e1b3c524fd99d5d54') in 0.026501 seconds
  Import took 0.029753 seconds .

========================================================================
Received Import Request.
  Time since last request: 8.556130 seconds.
  path: Assets/Scripts/ScriptableEvents/Conditions/New Bool Var.asset
  artifactKey: Guid(3af1fc4fc7be04040bac9b41b5c725ad) Importer(815301076,1909f56bfc062723c751e8b465ee728b)
Start importing Assets/Scripts/ScriptableEvents/Conditions/New Bool Var.asset using Guid(3af1fc4fc7be04040bac9b41b5c725ad) Importer(815301076,1909f56bfc062723c751e8b465ee728b)  -> (artifact id: '1963298fc96c869179b2f5eb837ccdb5') in 0.019408 seconds
  Import took 0.022488 seconds .

========================================================================
Received Import Request.
  Time since last request: 0.007197 seconds.
  path: Assets/Scripts/ScriptableEvents/Conditions/New Bool Var.asset
  artifactKey: Guid(3af1fc4fc7be04040bac9b41b5c725ad) Importer(815301076,1909f56bfc062723c751e8b465ee728b)
Start importing Assets/Scripts/ScriptableEvents/Conditions/New Bool Var.asset using Guid(3af1fc4fc7be04040bac9b41b5c725ad) Importer(815301076,1909f56bfc062723c751e8b465ee728b)  -> (artifact id: '1963298fc96c869179b2f5eb837ccdb5') in 0.001966 seconds
  Import took 0.004792 seconds .

========================================================================
Received Prepare
Registering precompiled user dll's ...
Registered in 0.000685 seconds.
Begin MonoManager ReloadAssembly
Native extension for LinuxStandalone target not found
Native extension for WindowsStandalone target not found
Native extension for OSXStandalone target not found
Native extension for WebGL target not found
Refreshing native plugins compatible for Editor in 0.35 ms, found 1 plugins.
Preloading 0 native plugins for Editor in 0.00 ms.
Mono: successfully reloaded assembly
- Completed reload, in  0.741 seconds
Platform modules already initialized, skipping
Refreshing native plugins compatible for Editor in 0.31 ms, found 1 plugins.
Preloading 0 native plugins for Editor in 0.00 ms.
Unloading 1832 Unused Serialized files (Serialized files now loaded: 0)
System memory in use before: 86.0 MB.
System memory in use after: 86.1 MB.

Unloading 8 unused Assets to reduce memory usage. Loaded Objects now: 2325.
Total: 1.745600 ms (FindLiveObjects: 0.179700 ms CreateObjectMapping: 0.049500 ms MarkObjects: 1.504200 ms  DeleteObjects: 0.011200 ms)

========================================================================
Received Import Request.
  Time since last request: 79.539843 seconds.
  path: Assets/Scripts/ScriptableEvents/Conditions/f.asset
  artifactKey: Guid(db4bb5cf95060f64283f8bea93a5e6c9) Importer(815301076,1909f56bfc062723c751e8b465ee728b)
Start importing Assets/Scripts/ScriptableEvents/Conditions/f.asset using Guid(db4bb5cf95060f64283f8bea93a5e6c9) Importer(815301076,1909f56bfc062723c751e8b465ee728b)  -> (artifact id: '5a39c7515b77e03f2cd9db87d5d25b27') in 0.027301 seconds
  Import took 0.030299 seconds .

========================================================================
Received Import Request.
  Time since last request: 0.001867 seconds.
  path: Assets/Scripts/ScriptableEvents/Conditions/f.asset
  artifactKey: Guid(db4bb5cf95060f64283f8bea93a5e6c9) Importer(815301076,1909f56bfc062723c751e8b465ee728b)
Start importing Assets/Scripts/ScriptableEvents/Conditions/f.asset using Guid(db4bb5cf95060f64283f8bea93a5e6c9) Importer(815301076,1909f56bfc062723c751e8b465ee728b)  -> (artifact id: '5a39c7515b77e03f2cd9db87d5d25b27') in 0.002044 seconds
  Import took 0.005075 seconds .

========================================================================
Received Prepare
Registering precompiled user dll's ...
Registered in 0.000896 seconds.
Begin MonoManager ReloadAssembly
Native extension for LinuxStandalone target not found
Native extension for WindowsStandalone target not found
Native extension for OSXStandalone target not found
Native extension for WebGL target not found
Refreshing native plugins compatible for Editor in 0.61 ms, found 1 plugins.
Preloading 0 native plugins for Editor in 0.00 ms.
Mono: successfully reloaded assembly
- Completed reload, in  0.826 seconds
Platform modules already initialized, skipping
Refreshing native plugins compatible for Editor in 0.36 ms, found 1 plugins.
Preloading 0 native plugins for Editor in 0.00 ms.
Unloading 1832 Unused Serialized files (Serialized files now loaded: 0)
System memory in use before: 86.0 MB.
System memory in use after: 86.1 MB.

Unloading 8 unused Assets to reduce memory usage. Loaded Objects now: 2328.
Total: 1.777000 ms (FindLiveObjects: 0.189500 ms CreateObjectMapping: 0.043800 ms MarkObjects: 1.527700 ms  DeleteObjects: 0.014900 ms)

========================================================================
Received Prepare
Registering precompiled user dll's ...
Registered in 0.000908 seconds.
Begin MonoManager ReloadAssembly
Native extension for LinuxStandalone target not found
Native extension for WindowsStandalone target not found
Native extension for OSXStandalone target not found
Native extension for WebGL target not found
Refreshing native plugins compatible for Editor in 0.36 ms, found 1 plugins.
Preloading 0 native plugins for Editor in 0.00 ms.
Mono: successfully reloaded assembly
- Completed reload, in  0.838 seconds
Platform modules already initialized, skipping
Refreshing native plugins compatible for Editor in 0.31 ms, found 1 plugins.
Preloading 0 native plugins for Editor in 0.00 ms.
Unloading 1832 Unused Serialized files (Serialized files now loaded: 0)
System memory in use before: 86.1 MB.
System memory in use after: 86.2 MB.

Unloading 8 unused Assets to reduce memory usage. Loaded Objects now: 2331.
Total: 1.771500 ms (FindLiveObjects: 0.286800 ms CreateObjectMapping: 0.045800 ms MarkObjects: 1.425300 ms  DeleteObjects: 0.012400 ms)

========================================================================
Received Prepare
Registering precompiled user dll's ...
Registered in 0.000691 seconds.
Begin MonoManager ReloadAssembly
Native extension for LinuxStandalone target not found
Native extension for WindowsStandalone target not found
Native extension for OSXStandalone target not found
Native extension for WebGL target not found
Refreshing native plugins compatible for Editor in 0.55 ms, found 1 plugins.
Preloading 0 native plugins for Editor in 0.00 ms.
Mono: successfully reloaded assembly
- Completed reload, in  0.823 seconds
Platform modules already initialized, skipping
Refreshing native plugins compatible for Editor in 0.58 ms, found 1 plugins.
Preloading 0 native plugins for Editor in 0.00 ms.
Unloading 1832 Unused Serialized files (Serialized files now loaded: 0)
System memory in use before: 86.1 MB.
System memory in use after: 86.2 MB.

Unloading 8 unused Assets to reduce memory usage. Loaded Objects now: 2334.
Total: 1.652200 ms (FindLiveObjects: 0.202800 ms CreateObjectMapping: 0.041700 ms MarkObjects: 1.393700 ms  DeleteObjects: 0.013200 ms)

========================================================================
Received Prepare
Registering precompiled user dll's ...
Registered in 0.000660 seconds.
Begin MonoManager ReloadAssembly
Native extension for LinuxStandalone target not found
Native extension for WindowsStandalone target not found
Native extension for OSXStandalone target not found
Native extension for WebGL target not found
Refreshing native plugins compatible for Editor in 0.36 ms, found 1 plugins.
Preloading 0 native plugins for Editor in 0.00 ms.
Mono: successfully reloaded assembly
- Completed reload, in  0.844 seconds
Platform modules already initialized, skipping
Refreshing native plugins compatible for Editor in 0.45 ms, found 1 plugins.
Preloading 0 native plugins for Editor in 0.00 ms.
Unloading 1832 Unused Serialized files (Serialized files now loaded: 0)
System memory in use before: 86.1 MB.
System memory in use after: 86.2 MB.

Unloading 8 unused Assets to reduce memory usage. Loaded Objects now: 2337.
Total: 1.689900 ms (FindLiveObjects: 0.191200 ms CreateObjectMapping: 0.042600 ms MarkObjects: 1.442700 ms  DeleteObjects: 0.012600 ms)

========================================================================
Received Prepare
Registering precompiled user dll's ...
Registered in 0.001015 seconds.
Begin MonoManager ReloadAssembly
Native extension for LinuxStandalone target not found
Native extension for WindowsStandalone target not found
Native extension for OSXStandalone target not found
Native extension for WebGL target not found
Refreshing native plugins compatible for Editor in 0.35 ms, found 1 plugins.
Preloading 0 native plugins for Editor in 0.00 ms.
Mono: successfully reloaded assembly
- Completed reload, in  0.850 seconds
Platform modules already initialized, skipping
Refreshing native plugins compatible for Editor in 0.37 ms, found 1 plugins.
Preloading 0 native plugins for Editor in 0.00 ms.
Unloading 1832 Unused Serialized files (Serialized files now loaded: 0)
System memory in use before: 86.1 MB.
System memory in use after: 86.2 MB.

Unloading 8 unused Assets to reduce memory usage. Loaded Objects now: 2340.
Total: 1.943700 ms (FindLiveObjects: 0.300600 ms CreateObjectMapping: 0.061000 ms MarkObjects: 1.563500 ms  DeleteObjects: 0.017500 ms)

========================================================================
Received Prepare
Registering precompiled user dll's ...
Registered in 0.000999 seconds.
Begin MonoManager ReloadAssembly
Native extension for LinuxStandalone target not found
Native extension for WindowsStandalone target not found
Native extension for OSXStandalone target not found
Native extension for WebGL target not found
Refreshing native plugins compatible for Editor in 0.36 ms, found 1 plugins.
Preloading 0 native plugins for Editor in 0.00 ms.
Mono: successfully reloaded assembly
- Completed reload, in  0.895 seconds
Platform modules already initialized, skipping
Refreshing native plugins compatible for Editor in 0.52 ms, found 1 plugins.
Preloading 0 native plugins for Editor in 0.00 ms.
Unloading 1832 Unused Serialized files (Serialized files now loaded: 0)
System memory in use before: 86.1 MB.
System memory in use after: 86.2 MB.

Unloading 8 unused Assets to reduce memory usage. Loaded Objects now: 2343.
Total: 1.719400 ms (FindLiveObjects: 0.225900 ms CreateObjectMapping: 0.042900 ms MarkObjects: 1.437100 ms  DeleteObjects: 0.012200 ms)

========================================================================
Received Prepare
Registering precompiled user dll's ...
Registered in 0.000962 seconds.
Begin MonoManager ReloadAssembly
Native extension for LinuxStandalone target not found
Native extension for WindowsStandalone target not found
Native extension for OSXStandalone target not found
Native extension for WebGL target not found
Refreshing native plugins compatible for Editor in 0.54 ms, found 1 plugins.
Preloading 0 native plugins for Editor in 0.00 ms.
Mono: successfully reloaded assembly
- Completed reload, in  0.897 seconds
Platform modules already initialized, skipping
Refreshing native plugins compatible for Editor in 0.55 ms, found 1 plugins.
Preloading 0 native plugins for Editor in 0.00 ms.
Unloading 1832 Unused Serialized files (Serialized files now loaded: 0)
System memory in use before: 86.1 MB.
System memory in use after: 86.2 MB.

Unloading 8 unused Assets to reduce memory usage. Loaded Objects now: 2346.
Total: 2.331400 ms (FindLiveObjects: 0.262400 ms CreateObjectMapping: 0.043100 ms MarkObjects: 2.009500 ms  DeleteObjects: 0.014800 ms)

========================================================================
Received Prepare
Registering precompiled user dll's ...
Registered in 0.000977 seconds.
Begin MonoManager ReloadAssembly
Native extension for LinuxStandalone target not found
Native extension for WindowsStandalone target not found
Native extension for OSXStandalone target not found
Native extension for WebGL target not found
Refreshing native plugins compatible for Editor in 0.54 ms, found 1 plugins.
Preloading 0 native plugins for Editor in 0.00 ms.
Mono: successfully reloaded assembly
- Completed reload, in  0.863 seconds
Platform modules already initialized, skipping
Refreshing native plugins compatible for Editor in 0.56 ms, found 1 plugins.
Preloading 0 native plugins for Editor in 0.00 ms.
Unloading 1832 Unused Serialized files (Serialized files now loaded: 0)
System memory in use before: 86.1 MB.
System memory in use after: 86.2 MB.

Unloading 8 unused Assets to reduce memory usage. Loaded Objects now: 2349.
Total: 2.876200 ms (FindLiveObjects: 0.371800 ms CreateObjectMapping: 0.071800 ms MarkObjects: 2.407800 ms  DeleteObjects: 0.023400 ms)

========================================================================
Received Prepare
Registering precompiled user dll's ...
Registered in 0.001049 seconds.
Begin MonoManager ReloadAssembly
Native extension for LinuxStandalone target not found
Native extension for WindowsStandalone target not found
Native extension for OSXStandalone target not found
Native extension for WebGL target not found
Refreshing native plugins compatible for Editor in 0.37 ms, found 1 plugins.
Preloading 0 native plugins for Editor in 0.00 ms.
Mono: successfully reloaded assembly
- Completed reload, in  0.851 seconds
Platform modules already initialized, skipping
Refreshing native plugins compatible for Editor in 0.35 ms, found 1 plugins.
Preloading 0 native plugins for Editor in 0.00 ms.
Unloading 1832 Unused Serialized files (Serialized files now loaded: 0)
System memory in use before: 86.1 MB.
System memory in use after: 86.2 MB.

Unloading 8 unused Assets to reduce memory usage. Loaded Objects now: 2352.
Total: 1.630800 ms (FindLiveObjects: 0.185400 ms CreateObjectMapping: 0.041700 ms MarkObjects: 1.392000 ms  DeleteObjects: 0.010900 ms)

========================================================================
Received Import Request.
  Time since last request: 4397.659473 seconds.
  path: Assets/Scripts/ScriptableEvents/Conditions/Bools
  artifactKey: Guid(b9183b08aae8ad7499a58060f7ef4800) Importer(815301076,1909f56bfc062723c751e8b465ee728b)
Start importing Assets/Scripts/ScriptableEvents/Conditions/Bools using Guid(b9183b08aae8ad7499a58060f7ef4800) Importer(815301076,1909f56bfc062723c751e8b465ee728b)  -> (artifact id: '568b785d5086ac106d683df34844ed1e') in 0.021552 seconds
  Import took 0.024675 seconds .

========================================================================
Received Import Request.
  Time since last request: 0.002803 seconds.
  path: Assets/Scripts/ScriptableEvents/Conditions/Bools
  artifactKey: Guid(b9183b08aae8ad7499a58060f7ef4800) Importer(815301076,1909f56bfc062723c751e8b465ee728b)
Start importing Assets/Scripts/ScriptableEvents/Conditions/Bools using Guid(b9183b08aae8ad7499a58060f7ef4800) Importer(815301076,1909f56bfc062723c751e8b465ee728b)  -> (artifact id: '568b785d5086ac106d683df34844ed1e') in 0.001671 seconds
  Import took 0.004272 seconds .

========================================================================
Received Import Request.
  Time since last request: 3.701736 seconds.
  path: Assets/Scripts/ScriptableEvents/Conditions/Ints
  artifactKey: Guid(f7a42599ae8f9474abbe1fcd1eda2c50) Importer(815301076,1909f56bfc062723c751e8b465ee728b)
Start importing Assets/Scripts/ScriptableEvents/Conditions/Ints using Guid(f7a42599ae8f9474abbe1fcd1eda2c50) Importer(815301076,1909f56bfc062723c751e8b465ee728b)  -> (artifact id: '0ee1fa4cb2b9c698a9aa7892daa6077e') in 0.019454 seconds
  Import took 0.022633 seconds .

========================================================================
Received Import Request.
  Time since last request: 0.004592 seconds.
  path: Assets/Scripts/ScriptableEvents/Conditions/Ints
  artifactKey: Guid(f7a42599ae8f9474abbe1fcd1eda2c50) Importer(815301076,1909f56bfc062723c751e8b465ee728b)
Start importing Assets/Scripts/ScriptableEvents/Conditions/Ints using Guid(f7a42599ae8f9474abbe1fcd1eda2c50) Importer(815301076,1909f56bfc062723c751e8b465ee728b)  -> (artifact id: '0ee1fa4cb2b9c698a9aa7892daa6077e') in 0.001630 seconds
  Import took 0.004473 seconds .

========================================================================
Received Import Request.
  Time since last request: 9.572374 seconds.
  path: Assets/Scripts/ScriptableEvents/Conditions/Bools/New Bool Condition.asset
  artifactKey: Guid(b06fbe6334963b24da3d76f7f613cf1b) Importer(815301076,1909f56bfc062723c751e8b465ee728b)
Start importing Assets/Scripts/ScriptableEvents/Conditions/Bools/New Bool Condition.asset using Guid(b06fbe6334963b24da3d76f7f613cf1b) Importer(815301076,1909f56bfc062723c751e8b465ee728b) You must assign a BoolVar.
UnityEngine.StackTraceUtility:ExtractStackTrace ()
UnityEngine.DebugLogHandler:LogFormat (UnityEngine.LogType,UnityEngine.Object,string,object[])
UnityEngine.Logger:Log (UnityEngine.LogType,object)
UnityEngine.Debug:Log (object)
BoolCondition:CheckType () (at Assets/Scripts/ScriptableEvents/Conditions/BoolCondition.cs:12)
Condition`1<bool>:OnValidate () (at Assets/Scripts/ScriptableEvents/Conditions/Condition.cs:15)

(Filename: Assets/Scripts/ScriptableEvents/Conditions/BoolCondition.cs Line: 12)

 -> (artifact id: 'db329e80bd273285c9320555ea83539f') in 0.010142 seconds
  Import took 0.012892 seconds .

========================================================================
Received Import Request.
  Time since last request: 0.003511 seconds.
  path: Assets/Scripts/ScriptableEvents/Conditions/Bools/New Bool Condition.asset
  artifactKey: Guid(b06fbe6334963b24da3d76f7f613cf1b) Importer(815301076,1909f56bfc062723c751e8b465ee728b)
Start importing Assets/Scripts/ScriptableEvents/Conditions/Bools/New Bool Condition.asset using Guid(b06fbe6334963b24da3d76f7f613cf1b) Importer(815301076,1909f56bfc062723c751e8b465ee728b) You must assign a BoolVar.
UnityEngine.StackTraceUtility:ExtractStackTrace ()
UnityEngine.DebugLogHandler:LogFormat (UnityEngine.LogType,UnityEngine.Object,string,object[])
UnityEngine.Logger:Log (UnityEngine.LogType,object)
UnityEngine.Debug:Log (object)
BoolCondition:CheckType () (at Assets/Scripts/ScriptableEvents/Conditions/BoolCondition.cs:12)
Condition`1<bool>:OnValidate () (at Assets/Scripts/ScriptableEvents/Conditions/Condition.cs:15)

(Filename: Assets/Scripts/ScriptableEvents/Conditions/BoolCondition.cs Line: 12)

 -> (artifact id: 'db329e80bd273285c9320555ea83539f') in 0.002186 seconds
  Import took 0.004444 seconds .

========================================================================
Received Import Request.
  Time since last request: 15.795590 seconds.
  path: Assets/Scripts/ScriptableEvents/Conditions/Ints/New Int Condition.asset
  artifactKey: Guid(15f0cee87160a2043a27236625a06638) Importer(815301076,1909f56bfc062723c751e8b465ee728b)
Start importing Assets/Scripts/ScriptableEvents/Conditions/Ints/New Int Condition.asset using Guid(15f0cee87160a2043a27236625a06638) Importer(815301076,1909f56bfc062723c751e8b465ee728b) You must assign an IntVar.
UnityEngine.StackTraceUtility:ExtractStackTrace ()
UnityEngine.DebugLogHandler:LogFormat (UnityEngine.LogType,UnityEngine.Object,string,object[])
UnityEngine.Logger:Log (UnityEngine.LogType,object)
UnityEngine.Debug:Log (object)
IntCondition:CheckType () (at Assets/Scripts/ScriptableEvents/Conditions/IntCondition.cs:12)
Condition`1<int>:OnValidate () (at Assets/Scripts/ScriptableEvents/Conditions/Condition.cs:15)

(Filename: Assets/Scripts/ScriptableEvents/Conditions/IntCondition.cs Line: 12)

 -> (artifact id: 'cc09a72c76502318d9362c55ee3d4efc') in 0.019987 seconds
  Import took 0.022920 seconds .

========================================================================
Received Import Request.
  Time since last request: 17.045872 seconds.
  path: Assets/Scripts/Vars/Int/Add Count 1.asset
  artifactKey: Guid(95be4843750aaba4f8573fbbfef50580) Importer(815301076,1909f56bfc062723c751e8b465ee728b)
Start importing Assets/Scripts/Vars/Int/Add Count 1.asset using Guid(95be4843750aaba4f8573fbbfef50580) Importer(815301076,1909f56bfc062723c751e8b465ee728b)  -> (artifact id: '6d17d8442a12aeb227b16a9b2396dcc1') in 0.020554 seconds
  Import took 0.023387 seconds .

========================================================================
Received Import Request.
  Time since last request: 0.000176 seconds.
  path: Assets/Scripts/Vars/Int/CountChange.asset
  artifactKey: Guid(6dc2666bc3f25ce428628640cd5728b6) Importer(815301076,1909f56bfc062723c751e8b465ee728b)
Start importing Assets/Scripts/Vars/Int/CountChange.asset using Guid(6dc2666bc3f25ce428628640cd5728b6) Importer(815301076,1909f56bfc062723c751e8b465ee728b)  -> (artifact id: '0c7a1166f8956ae1676ae15a0ba2bf9c') in 0.034304 seconds
  Import took 0.037209 seconds .

========================================================================
Received Import Request.
  Time since last request: 0.000178 seconds.
  path: Assets/Scripts/Vars/Int/Count.asset
  artifactKey: Guid(096ef1e408d17a345b58cb01f2116fd8) Importer(815301076,1909f56bfc062723c751e8b465ee728b)
Start importing Assets/Scripts/Vars/Int/Count.asset using Guid(096ef1e408d17a345b58cb01f2116fd8) Importer(815301076,1909f56bfc062723c751e8b465ee728b)  -> (artifact id: 'eb7da044867870eb6add994c3c526428') in 0.032458 seconds
  Import took 0.035517 seconds .

========================================================================
Received Import Request.
  Time since last request: 13.221986 seconds.
  path: Assets/Scripts/Vars/Int
  artifactKey: Guid(9febb96bc74441549938cc9e5b2fced0) Importer(815301076,1909f56bfc062723c751e8b465ee728b)
Start importing Assets/Scripts/Vars/Int using Guid(9febb96bc74441549938cc9e5b2fced0) Importer(815301076,1909f56bfc062723c751e8b465ee728b)  -> (artifact id: '6341e6e519d8af2aaa751ac30ce7f81c') in 0.019374 seconds
  Import took 0.022097 seconds .

========================================================================
Received Import Request.
  Time since last request: 8.871080 seconds.
  path: Assets/Scripts/Vars/VarChange.cs
  artifactKey: Guid(a358fb7100137684eaba8ffdd16a6e7e) Importer(815301076,1909f56bfc062723c751e8b465ee728b)
Start importing Assets/Scripts/Vars/VarChange.cs using Guid(a358fb7100137684eaba8ffdd16a6e7e) Importer(815301076,1909f56bfc062723c751e8b465ee728b)  -> (artifact id: 'c35c72ddcb5c8fab60925b90ea1f2246') in 0.018042 seconds
  Import took 0.020790 seconds .

========================================================================
Received Import Request.
  Time since last request: 15.180148 seconds.
  path: Assets/Scripts/Vars/Bool/Vars
  artifactKey: Guid(93f0b50c69dc8a942b6aea51c80d986e) Importer(815301076,1909f56bfc062723c751e8b465ee728b)
Start importing Assets/Scripts/Vars/Bool/Vars using Guid(93f0b50c69dc8a942b6aea51c80d986e) Importer(815301076,1909f56bfc062723c751e8b465ee728b)  -> (artifact id: '851a0f9199afc970fc4d6036b12546c8') in 0.001692 seconds
  Import took 0.004506 seconds .

========================================================================
Received Import Request.
  Time since last request: 6.771812 seconds.
  path: Assets/Scripts/Vars/Bool/Changes
  artifactKey: Guid(b647a2cfe06f7024fa2474086d0dc823) Importer(815301076,1909f56bfc062723c751e8b465ee728b)
Start importing Assets/Scripts/Vars/Bool/Changes using Guid(b647a2cfe06f7024fa2474086d0dc823) Importer(815301076,1909f56bfc062723c751e8b465ee728b)  -> (artifact id: '85a7c0bb18d4e8ddbc7647f04cc7065c') in 0.019294 seconds
  Import took 0.022603 seconds .

========================================================================
Received Import Request.
  Time since last request: 15.066596 seconds.
  path: Assets/Scripts/Vars/Int/Vars
  artifactKey: Guid(2e890f4d7178b824e81f7153eca324f6) Importer(815301076,1909f56bfc062723c751e8b465ee728b)
Start importing Assets/Scripts/Vars/Int/Vars using Guid(2e890f4d7178b824e81f7153eca324f6) Importer(815301076,1909f56bfc062723c751e8b465ee728b)  -> (artifact id: '83e48975b6de23de39d7dff41cf409a4') in 0.001682 seconds
  Import took 0.004690 seconds .

========================================================================
Received Import Request.
  Time since last request: 5.706466 seconds.
  path: Assets/Scripts/Vars/Int/Changes
  artifactKey: Guid(ab6e4d75a2243e44ebe61eec167aa853) Importer(815301076,1909f56bfc062723c751e8b465ee728b)
Start importing Assets/Scripts/Vars/Int/Changes using Guid(ab6e4d75a2243e44ebe61eec167aa853) Importer(815301076,1909f56bfc062723c751e8b465ee728b)  -> (artifact id: '672814f5f9a24d623b9307131c1d0f8e') in 0.001628 seconds
  Import took 0.004440 seconds .

========================================================================
Received Import Request.
  Time since last request: 26.272036 seconds.
  path: Assets/Scripts/ScriptableEvents/Events/VarEvents/Switch Bool.asset
  artifactKey: Guid(cf6c574b87a4513409e475edbc5df5e3) Importer(815301076,1909f56bfc062723c751e8b465ee728b)
Start importing Assets/Scripts/ScriptableEvents/Events/VarEvents/Switch Bool.asset using Guid(cf6c574b87a4513409e475edbc5df5e3) Importer(815301076,1909f56bfc062723c751e8b465ee728b)  -> (artifact id: '3c9e7c54b8216a23904ee96fb7a0bb73') in 0.018821 seconds
  Import took 0.021559 seconds .

========================================================================
Received Import Request.
  Time since last request: 100.658067 seconds.
  path: Assets/Scripts/ScriptableEvents/Conditions/Ints/New Int Condition.asset
  artifactKey: Guid(15f0cee87160a2043a27236625a06638) Importer(815301076,1909f56bfc062723c751e8b465ee728b)
Start importing Assets/Scripts/ScriptableEvents/Conditions/Ints/New Int Condition.asset using Guid(15f0cee87160a2043a27236625a06638) Importer(815301076,1909f56bfc062723c751e8b465ee728b)  -> (artifact id: '0cb2a09d8e43b88dd53d7900b437d520') in 0.002246 seconds
  Import took 0.005426 seconds .

========================================================================
Received Import Request.
  Time since last request: 0.010267 seconds.
  path: Assets/Scripts/ScriptableEvents/Conditions/Ints/New Int Condition.asset
  artifactKey: Guid(15f0cee87160a2043a27236625a06638) Importer(815301076,1909f56bfc062723c751e8b465ee728b)
Start importing Assets/Scripts/ScriptableEvents/Conditions/Ints/New Int Condition.asset using Guid(15f0cee87160a2043a27236625a06638) Importer(815301076,1909f56bfc062723c751e8b465ee728b)  -> (artifact id: '0cb2a09d8e43b88dd53d7900b437d520') in 0.002162 seconds
  Import took 0.005000 seconds .

========================================================================
Received Prepare
Registering precompiled user dll's ...
Registered in 0.000588 seconds.
Begin MonoManager ReloadAssembly
Native extension for LinuxStandalone target not found
Native extension for WindowsStandalone target not found
Native extension for OSXStandalone target not found
Native extension for WebGL target not found
Refreshing native plugins compatible for Editor in 0.35 ms, found 1 plugins.
Preloading 0 native plugins for Editor in 0.00 ms.
Mono: successfully reloaded assembly
- Completed reload, in  0.873 seconds
Platform modules already initialized, skipping
Refreshing native plugins compatible for Editor in 0.38 ms, found 1 plugins.
Preloading 0 native plugins for Editor in 0.00 ms.
Unloading 1832 Unused Serialized files (Serialized files now loaded: 0)
System memory in use before: 86.2 MB.
System memory in use after: 86.3 MB.

Unloading 8 unused Assets to reduce memory usage. Loaded Objects now: 2355.
Total: 1.763400 ms (FindLiveObjects: 0.287100 ms CreateObjectMapping: 0.058400 ms MarkObjects: 1.404500 ms  DeleteObjects: 0.012600 ms)

========================================================================
Received Prepare
Registering precompiled user dll's ...
Registered in 0.000997 seconds.
Begin MonoManager ReloadAssembly
Native extension for LinuxStandalone target not found
Native extension for WindowsStandalone target not found
Native extension for OSXStandalone target not found
Native extension for WebGL target not found
Refreshing native plugins compatible for Editor in 0.37 ms, found 1 plugins.
Preloading 0 native plugins for Editor in 0.00 ms.
Mono: successfully reloaded assembly
- Completed reload, in  0.851 seconds
Platform modules already initialized, skipping
Refreshing native plugins compatible for Editor in 0.35 ms, found 1 plugins.
Preloading 0 native plugins for Editor in 0.00 ms.
Unloading 1832 Unused Serialized files (Serialized files now loaded: 0)
System memory in use before: 86.3 MB.
System memory in use after: 86.4 MB.

Unloading 8 unused Assets to reduce memory usage. Loaded Objects now: 2358.
Total: 2.516500 ms (FindLiveObjects: 0.307800 ms CreateObjectMapping: 0.061100 ms MarkObjects: 2.129700 ms  DeleteObjects: 0.016900 ms)

========================================================================
Received Prepare
Registering precompiled user dll's ...
Registered in 0.000656 seconds.
Begin MonoManager ReloadAssembly
Native extension for LinuxStandalone target not found
Native extension for WindowsStandalone target not found
Native extension for OSXStandalone target not found
Native extension for WebGL target not found
Refreshing native plugins compatible for Editor in 0.35 ms, found 1 plugins.
Preloading 0 native plugins for Editor in 0.00 ms.
Mono: successfully reloaded assembly
- Completed reload, in  0.814 seconds
Platform modules already initialized, skipping
Refreshing native plugins compatible for Editor in 0.53 ms, found 1 plugins.
Preloading 0 native plugins for Editor in 0.00 ms.
Unloading 1832 Unused Serialized files (Serialized files now loaded: 0)
System memory in use before: 86.3 MB.
System memory in use after: 86.4 MB.

Unloading 8 unused Assets to reduce memory usage. Loaded Objects now: 2361.
Total: 1.687100 ms (FindLiveObjects: 0.210600 ms CreateObjectMapping: 0.042500 ms MarkObjects: 1.420100 ms  DeleteObjects: 0.012300 ms)

========================================================================
Received Prepare
Registering precompiled user dll's ...
Registered in 0.000682 seconds.
Begin MonoManager ReloadAssembly
Native extension for LinuxStandalone target not found
Native extension for WindowsStandalone target not found
Native extension for OSXStandalone target not found
Native extension for WebGL target not found
Refreshing native plugins compatible for Editor in 0.52 ms, found 1 plugins.
Preloading 0 native plugins for Editor in 0.00 ms.
Mono: successfully reloaded assembly
- Completed reload, in  0.836 seconds
Platform modules already initialized, skipping
Refreshing native plugins compatible for Editor in 0.52 ms, found 1 plugins.
Preloading 0 native plugins for Editor in 0.00 ms.
Unloading 1832 Unused Serialized files (Serialized files now loaded: 0)
System memory in use before: 86.3 MB.
System memory in use after: 86.4 MB.

Unloading 8 unused Assets to reduce memory usage. Loaded Objects now: 2364.
Total: 2.383800 ms (FindLiveObjects: 0.306900 ms CreateObjectMapping: 0.056700 ms MarkObjects: 2.001800 ms  DeleteObjects: 0.017400 ms)

========================================================================
Received Prepare
Registering precompiled user dll's ...
Registered in 0.000694 seconds.
Begin MonoManager ReloadAssembly
Native extension for LinuxStandalone target not found
Native extension for WindowsStandalone target not found
Native extension for OSXStandalone target not found
Native extension for WebGL target not found
Refreshing native plugins compatible for Editor in 0.36 ms, found 1 plugins.
Preloading 0 native plugins for Editor in 0.00 ms.
Mono: successfully reloaded assembly
- Completed reload, in  0.800 seconds
Platform modules already initialized, skipping
Refreshing native plugins compatible for Editor in 0.35 ms, found 1 plugins.
Preloading 0 native plugins for Editor in 0.00 ms.
Unloading 1832 Unused Serialized files (Serialized files now loaded: 0)
System memory in use before: 86.3 MB.
System memory in use after: 86.4 MB.

Unloading 8 unused Assets to reduce memory usage. Loaded Objects now: 2367.
Total: 1.847200 ms (FindLiveObjects: 0.305600 ms CreateObjectMapping: 0.061300 ms MarkObjects: 1.466100 ms  DeleteObjects: 0.013400 ms)

========================================================================
Received Prepare
Registering precompiled user dll's ...
Registered in 0.001006 seconds.
Begin MonoManager ReloadAssembly
Native extension for LinuxStandalone target not found
Native extension for WindowsStandalone target not found
Native extension for OSXStandalone target not found
Native extension for WebGL target not found
Refreshing native plugins compatible for Editor in 0.56 ms, found 1 plugins.
Preloading 0 native plugins for Editor in 0.00 ms.
Mono: successfully reloaded assembly
- Completed reload, in  0.892 seconds
Platform modules already initialized, skipping
Refreshing native plugins compatible for Editor in 0.40 ms, found 1 plugins.
Preloading 0 native plugins for Editor in 0.00 ms.
Unloading 1832 Unused Serialized files (Serialized files now loaded: 0)
System memory in use before: 86.3 MB.
System memory in use after: 86.4 MB.

Unloading 8 unused Assets to reduce memory usage. Loaded Objects now: 2370.
Total: 1.795500 ms (FindLiveObjects: 0.293100 ms CreateObjectMapping: 0.060700 ms MarkObjects: 1.429200 ms  DeleteObjects: 0.011300 ms)

========================================================================
Received Prepare
Registering precompiled user dll's ...
Registered in 0.001090 seconds.
Begin MonoManager ReloadAssembly
Native extension for LinuxStandalone target not found
Native extension for WindowsStandalone target not found
Native extension for OSXStandalone target not found
Native extension for WebGL target not found
Refreshing native plugins compatible for Editor in 0.57 ms, found 1 plugins.
Preloading 0 native plugins for Editor in 0.00 ms.
Mono: successfully reloaded assembly
- Completed reload, in  0.860 seconds
Platform modules already initialized, skipping
Refreshing native plugins compatible for Editor in 0.55 ms, found 1 plugins.
Preloading 0 native plugins for Editor in 0.00 ms.
Unloading 1832 Unused Serialized files (Serialized files now loaded: 0)
System memory in use before: 86.3 MB.
System memory in use after: 86.4 MB.

Unloading 8 unused Assets to reduce memory usage. Loaded Objects now: 2373.
Total: 1.733100 ms (FindLiveObjects: 0.212100 ms CreateObjectMapping: 0.042900 ms MarkObjects: 1.462200 ms  DeleteObjects: 0.014700 ms)

AssetImportWorkerClient::OnTransportError - code=2 error=End of file
